Determining if the Q_WS_WIN exist failed with the following output:
Change Dir: /home/vlad/git/disertation/libs/aam-opencv/build/CMakeFiles/CMakeTmp

Run Build Command:/usr/bin/make "cmTryCompileExec3147145194/fast"
/usr/bin/make -f CMakeFiles/cmTryCompileExec3147145194.dir/build.make CMakeFiles/cmTryCompileExec3147145194.dir/build
make[1]: Entering directory `/home/vlad/git/disertation/libs/aam-opencv/build/CMakeFiles/CMakeTmp'
/usr/bin/cmake -E cmake_progress_report /home/vlad/git/disertation/libs/aam-opencv/build/CMakeFiles/CMakeTmp/CMakeFiles 1
Building CXX object CMakeFiles/cmTryCompileExec3147145194.dir/CheckSymbolExists.cxx.o
/usr/bin/c++    -I/usr/include/qt4    -o CMakeFiles/cmTryCompileExec3147145194.dir/CheckSymbolExists.cxx.o -c /home/vlad/git/disertation/libs/aam-opencv/build/CMakeFiles/CMakeTmp/CheckSymbolExists.cxx
/home/vlad/git/disertation/libs/aam-opencv/build/CMakeFiles/CMakeTmp/CheckSymbolExists.cxx: In function ‘int main(int, char**)’:
/home/vlad/git/disertation/libs/aam-opencv/build/CMakeFiles/CMakeTmp/CheckSymbolExists.cxx:8:19: error: ‘Q_WS_WIN’ was not declared in this scope
   return ((int*)(&Q_WS_WIN))[argc];
                   ^
make[1]: *** [CMakeFiles/cmTryCompileExec3147145194.dir/CheckSymbolExists.cxx.o] Error 1
make[1]: Leaving directory `/home/vlad/git/disertation/libs/aam-opencv/build/CMakeFiles/CMakeTmp'
make: *** [cmTryCompileExec3147145194/fast] Error 2

File /home/vlad/git/disertation/libs/aam-opencv/build/CMakeFiles/CMakeTmp/CheckSymbolExists.cxx:
/* */
#include <QtCore/qglobal.h>

int main(int argc, char** argv)
{
  (void)argv;
#ifndef Q_WS_WIN
  return ((int*)(&Q_WS_WIN))[argc];
#else
  (void)argc;
  return 0;
#endif
}

Determining if the Q_WS_QWS exist failed with the following output:
Change Dir: /home/vlad/git/disertation/libs/aam-opencv/build/CMakeFiles/CMakeTmp

Run Build Command:/usr/bin/make "cmTryCompileExec3815521645/fast"
/usr/bin/make -f CMakeFiles/cmTryCompileExec3815521645.dir/build.make CMakeFiles/cmTryCompileExec3815521645.dir/build
make[1]: Entering directory `/home/vlad/git/disertation/libs/aam-opencv/build/CMakeFiles/CMakeTmp'
/usr/bin/cmake -E cmake_progress_report /home/vlad/git/disertation/libs/aam-opencv/build/CMakeFiles/CMakeTmp/CMakeFiles 1
Building CXX object CMakeFiles/cmTryCompileExec3815521645.dir/CheckSymbolExists.cxx.o
/usr/bin/c++    -I/usr/include/qt4    -o CMakeFiles/cmTryCompileExec3815521645.dir/CheckSymbolExists.cxx.o -c /home/vlad/git/disertation/libs/aam-opencv/build/CMakeFiles/CMakeTmp/CheckSymbolExists.cxx
/home/vlad/git/disertation/libs/aam-opencv/build/CMakeFiles/CMakeTmp/CheckSymbolExists.cxx: In function ‘int main(int, char**)’:
/home/vlad/git/disertation/libs/aam-opencv/build/CMakeFiles/CMakeTmp/CheckSymbolExists.cxx:8:19: error: ‘Q_WS_QWS’ was not declared in this scope
   return ((int*)(&Q_WS_QWS))[argc];
                   ^
make[1]: *** [CMakeFiles/cmTryCompileExec3815521645.dir/CheckSymbolExists.cxx.o] Error 1
make[1]: Leaving directory `/home/vlad/git/disertation/libs/aam-opencv/build/CMakeFiles/CMakeTmp'
make: *** [cmTryCompileExec3815521645/fast] Error 2

File /home/vlad/git/disertation/libs/aam-opencv/build/CMakeFiles/CMakeTmp/CheckSymbolExists.cxx:
/* */
#include <QtCore/qglobal.h>

int main(int argc, char** argv)
{
  (void)argv;
#ifndef Q_WS_QWS
  return ((int*)(&Q_WS_QWS))[argc];
#else
  (void)argc;
  return 0;
#endif
}

Determining if the Q_WS_MAC exist failed with the following output:
Change Dir: /home/vlad/git/disertation/libs/aam-opencv/build/CMakeFiles/CMakeTmp

Run Build Command:/usr/bin/make "cmTryCompileExec851512476/fast"
/usr/bin/make -f CMakeFiles/cmTryCompileExec851512476.dir/build.make CMakeFiles/cmTryCompileExec851512476.dir/build
make[1]: Entering directory `/home/vlad/git/disertation/libs/aam-opencv/build/CMakeFiles/CMakeTmp'
/usr/bin/cmake -E cmake_progress_report /home/vlad/git/disertation/libs/aam-opencv/build/CMakeFiles/CMakeTmp/CMakeFiles 1
Building CXX object CMakeFiles/cmTryCompileExec851512476.dir/CheckSymbolExists.cxx.o
/usr/bin/c++    -I/usr/include/qt4    -o CMakeFiles/cmTryCompileExec851512476.dir/CheckSymbolExists.cxx.o -c /home/vlad/git/disertation/libs/aam-opencv/build/CMakeFiles/CMakeTmp/CheckSymbolExists.cxx
/home/vlad/git/disertation/libs/aam-opencv/build/CMakeFiles/CMakeTmp/CheckSymbolExists.cxx: In function ‘int main(int, char**)’:
/home/vlad/git/disertation/libs/aam-opencv/build/CMakeFiles/CMakeTmp/CheckSymbolExists.cxx:8:19: error: ‘Q_WS_MAC’ was not declared in this scope
   return ((int*)(&Q_WS_MAC))[argc];
                   ^
make[1]: *** [CMakeFiles/cmTryCompileExec851512476.dir/CheckSymbolExists.cxx.o] Error 1
make[1]: Leaving directory `/home/vlad/git/disertation/libs/aam-opencv/build/CMakeFiles/CMakeTmp'
make: *** [cmTryCompileExec851512476/fast] Error 2

File /home/vlad/git/disertation/libs/aam-opencv/build/CMakeFiles/CMakeTmp/CheckSymbolExists.cxx:
/* */
#include <QtCore/qglobal.h>

int main(int argc, char** argv)
{
  (void)argv;
#ifndef Q_WS_MAC
  return ((int*)(&Q_WS_MAC))[argc];
#else
  (void)argc;
  return 0;
#endif
}

